2021-11-16 10:01:05.101  INFO 12216 --- [main] c.c.c.rest.CalculatorWsApplication       : Starting CalculatorWsApplication on LAPTOP-B06TLUR3 with PID 12216 (F:\GitProjects\calculatorws\calculatorws-rest\target\classes started by lunfee in F:\GitProjects\calculatorws)
2021-11-16 10:01:05.104  INFO 12216 --- [main] c.c.c.rest.CalculatorWsApplication       : No active profile set, falling back to default profiles: default
2021-11-16 10:01:05.137  INFO 12216 --- [main] ationConfigEmbeddedWebApplicationContext : Refreshing org.springframework.boot.context.embedded.AnnotationConfigEmbeddedWebApplicationContext@49c43f4e: startup date [Tue Nov 16 10:01:05 CST 2021]; root of context hierarchy
2021-11-16 10:01:05.509  INFO 12216 --- [main] o.s.b.f.s.DefaultListableBeanFactory     : Overriding bean definition for bean 'beanNameViewResolver' with a different definition: replacing [Root bean: class [null]; scope=; abstract=false; lazyInit=false; autowireMode=3; dependencyCheck=0; autowireCandidate=true; primary=false; factoryBeanName=org.springframework.boot.autoconfigure.web.ErrorMvcAutoConfiguration$WhitelabelErrorViewConfiguration; factoryMethodName=beanNameViewResolver; initMethodName=null; destroyMethodName=(inferred); defined in class path resource [org/springframework/boot/autoconfigure/web/ErrorMvcAutoConfiguration$WhitelabelErrorViewConfiguration.class]] with [Root bean: class [null]; scope=; abstract=false; lazyInit=false; autowireMode=3; dependencyCheck=0; autowireCandidate=true; primary=false; factoryBeanName=org.springframework.boot.autoconfigure.web.WebMvcAutoConfiguration$WebMvcAutoConfigurationAdapter; factoryMethodName=beanNameViewResolver; initMethodName=null; destroyMethodName=(inferred); defined in class path resource [org/springframework/boot/autoconfigure/web/WebMvcAutoConfiguration$WebMvcAutoConfigurationAdapter.class]]
2021-11-16 10:01:05.858  INFO 12216 --- [main] s.b.c.e.t.TomcatEmbeddedServletContainer : Tomcat initialized with port(s): 8080 (http)
2021-11-16 10:01:05.865  INFO 12216 --- [main] o.apache.catalina.core.StandardService   : Starting service Tomcat
2021-11-16 10:01:05.866  INFO 12216 --- [main] org.apache.catalina.core.StandardEngine  : Starting Servlet Engine: Apache Tomcat/8.0.32
2021-11-16 10:01:05.925  INFO 12216 --- [localhost-startStop-1] o.a.c.c.C.[Tomcat].[localhost].[/]       : Initializing Spring embedded WebApplicationContext
2021-11-16 10:01:05.926  INFO 12216 --- [localhost-startStop-1] o.s.web.context.ContextLoader            : Root WebApplicationContext: initialization completed in 791 ms
2021-11-16 10:01:06.073  INFO 12216 --- [localhost-startStop-1] o.s.b.c.e.ServletRegistrationBean        : Mapping servlet: 'dispatcherServlet' to [/]
2021-11-16 10:01:06.076  INFO 12216 --- [localhost-startStop-1] o.s.b.c.embedded.FilterRegistrationBean  : Mapping filter: 'characterEncodingFilter' to: [/*]
2021-11-16 10:01:06.076  INFO 12216 --- [localhost-startStop-1] o.s.b.c.embedded.FilterRegistrationBean  : Mapping filter: 'hiddenHttpMethodFilter' to: [/*]
2021-11-16 10:01:06.076  INFO 12216 --- [localhost-startStop-1] o.s.b.c.embedded.FilterRegistrationBean  : Mapping filter: 'httpPutFormContentFilter' to: [/*]
2021-11-16 10:01:06.076  INFO 12216 --- [localhost-startStop-1] o.s.b.c.embedded.FilterRegistrationBean  : Mapping filter: 'requestContextFilter' to: [/*]
2021-11-16 10:01:06.076  INFO 12216 --- [localhost-startStop-1] o.s.b.c.embedded.FilterRegistrationBean  : Mapping filter: 'clientAwareLoggingFilter' to: [/*]
2021-11-16 10:01:27.177  WARN 12216 --- [main] ationConfigEmbeddedWebApplicationContext : Exception encountered during context initialization - cancelling refresh attempt: org.springframework.beans.factory.BeanCreationException: Error creating bean with name 'RPCClient' defined in file [F:\GitProjects\calculatorws\calculatorws-rest\target\classes\com\company\calculatorws\rest\client\RPCClient.class]: Instantiation of bean failed; nested exception is org.springframework.beans.BeanInstantiationException: Failed to instantiate [com.company.calculatorws.rest.client.RPCClient]: Constructor threw exception; nested exception is java.net.ConnectException: Connection timed out: connect
2021-11-16 10:01:27.179  INFO 12216 --- [main] o.apache.catalina.core.StandardService   : Stopping service Tomcat
2021-11-16 10:01:27.197 ERROR 12216 --- [main] o.s.boot.SpringApplication               : Application startup failed

org.springframework.beans.factory.BeanCreationException: Error creating bean with name 'RPCClient' defined in file [F:\GitProjects\calculatorws\calculatorws-rest\target\classes\com\company\calculatorws\rest\client\RPCClient.class]: Instantiation of bean failed; nested exception is org.springframework.beans.BeanInstantiationException: Failed to instantiate [com.company.calculatorws.rest.client.RPCClient]: Constructor threw exception; nested exception is java.net.ConnectException: Connection timed out: connect
	at org.springframework.beans.factory.support.AbstractAutowireCapableBeanFactory.instantiateBean(AbstractAutowireCapableBeanFactory.java:1105) ~[spring-beans-4.2.5.RELEASE.jar:4.2.5.RELEASE]
	at org.springframework.beans.factory.support.AbstractAutowireCapableBeanFactory.createBeanInstance(AbstractAutowireCapableBeanFactory.java:1050) ~[spring-beans-4.2.5.RELEASE.jar:4.2.5.RELEASE]
	at org.springframework.beans.factory.support.AbstractAutowireCapableBeanFactory.doCreateBean(AbstractAutowireCapableBeanFactory.java:510) ~[spring-beans-4.2.5.RELEASE.jar:4.2.5.RELEASE]
	at org.springframework.beans.factory.support.AbstractAutowireCapableBeanFactory.createBean(AbstractAutowireCapableBeanFactory.java:482) ~[spring-beans-4.2.5.RELEASE.jar:4.2.5.RELEASE]
	at org.springframework.beans.factory.support.AbstractBeanFactory$1.getObject(AbstractBeanFactory.java:306) ~[spring-beans-4.2.5.RELEASE.jar:4.2.5.RELEASE]
	at org.springframework.beans.factory.support.DefaultSingletonBeanRegistry.getSingleton(DefaultSingletonBeanRegistry.java:230) ~[spring-beans-4.2.5.RELEASE.jar:4.2.5.RELEASE]
	at org.springframework.beans.factory.support.AbstractBeanFactory.doGetBean(AbstractBeanFactory.java:302) ~[spring-beans-4.2.5.RELEASE.jar:4.2.5.RELEASE]
	at org.springframework.beans.factory.support.AbstractBeanFactory.getBean(AbstractBeanFactory.java:197) ~[spring-beans-4.2.5.RELEASE.jar:4.2.5.RELEASE]
	at org.springframework.beans.factory.support.DefaultListableBeanFactory.preInstantiateSingletons(DefaultListableBeanFactory.java:772) ~[spring-beans-4.2.5.RELEASE.jar:4.2.5.RELEASE]
	at org.springframework.context.support.AbstractApplicationContext.finishBeanFactoryInitialization(AbstractApplicationContext.java:839) ~[spring-context-4.2.5.RELEASE.jar:4.2.5.RELEASE]
	at org.springframework.context.support.AbstractApplicationContext.refresh(AbstractApplicationContext.java:538) ~[spring-context-4.2.5.RELEASE.jar:4.2.5.RELEASE]
	at org.springframework.boot.context.embedded.EmbeddedWebApplicationContext.refresh(EmbeddedWebApplicationContext.java:118) ~[spring-boot-1.3.3.RELEASE.jar:1.3.3.RELEASE]
	at org.springframework.boot.SpringApplication.refresh(SpringApplication.java:766) [spring-boot-1.3.3.RELEASE.jar:1.3.3.RELEASE]
	at org.springframework.boot.SpringApplication.createAndRefreshContext(SpringApplication.java:361) [spring-boot-1.3.3.RELEASE.jar:1.3.3.RELEASE]
	at org.springframework.boot.SpringApplication.run(SpringApplication.java:307) [spring-boot-1.3.3.RELEASE.jar:1.3.3.RELEASE]
	at org.springframework.boot.SpringApplication.run(SpringApplication.java:1191) [spring-boot-1.3.3.RELEASE.jar:1.3.3.RELEASE]
	at org.springframework.boot.SpringApplication.run(SpringApplication.java:1180) [spring-boot-1.3.3.RELEASE.jar:1.3.3.RELEASE]
	at com.company.calculatorws.rest.CalculatorWsApplication.main(CalculatorWsApplication.java:10) [classes/:na]
Caused by: org.springframework.beans.BeanInstantiationException: Failed to instantiate [com.company.calculatorws.rest.client.RPCClient]: Constructor threw exception; nested exception is java.net.ConnectException: Connection timed out: connect
	at org.springframework.beans.BeanUtils.instantiateClass(BeanUtils.java:163) ~[spring-beans-4.2.5.RELEASE.jar:4.2.5.RELEASE]
	at org.springframework.beans.factory.support.SimpleInstantiationStrategy.instantiate(SimpleInstantiationStrategy.java:89) ~[spring-beans-4.2.5.RELEASE.jar:4.2.5.RELEASE]
	at org.springframework.beans.factory.support.AbstractAutowireCapableBeanFactory.instantiateBean(AbstractAutowireCapableBeanFactory.java:1098) ~[spring-beans-4.2.5.RELEASE.jar:4.2.5.RELEASE]
	... 17 common frames omitted
Caused by: java.net.ConnectException: Connection timed out: connect
	at java.net.DualStackPlainSocketImpl.waitForConnect(Native Method) ~[na:1.8.0_301]
	at java.net.DualStackPlainSocketImpl.socketConnect(DualStackPlainSocketImpl.java:81) ~[na:1.8.0_301]
	at java.net.AbstractPlainSocketImpl.doConnect(AbstractPlainSocketImpl.java:476) ~[na:1.8.0_301]
	at java.net.AbstractPlainSocketImpl.connectToAddress(AbstractPlainSocketImpl.java:218) ~[na:1.8.0_301]
	at java.net.AbstractPlainSocketImpl.connect(AbstractPlainSocketImpl.java:200) ~[na:1.8.0_301]
	at java.net.PlainSocketImpl.connect(PlainSocketImpl.java:162) ~[na:1.8.0_301]
	at java.net.SocksSocketImpl.connect(SocksSocketImpl.java:394) ~[na:1.8.0_301]
	at java.net.Socket.connect(Socket.java:606) ~[na:1.8.0_301]
	at com.rabbitmq.client.impl.FrameHandlerFactory.create(FrameHandlerFactory.java:32) ~[amqp-client-3.6.0.jar:na]
	at com.rabbitmq.client.ConnectionFactory.newConnection(ConnectionFactory.java:676) ~[amqp-client-3.6.0.jar:na]
	at com.rabbitmq.client.ConnectionFactory.newConnection(ConnectionFactory.java:722) ~[amqp-client-3.6.0.jar:na]
	at com.company.calculatorws.rest.client.RPCClient.<init>(RPCClient.java:29) ~[classes/:na]
	at sun.reflect.NativeConstructorAccessorImpl.newInstance0(Native Method) ~[na:1.8.0_301]
	at sun.reflect.NativeConstructorAccessorImpl.newInstance(NativeConstructorAccessorImpl.java:62) ~[na:1.8.0_301]
	at sun.reflect.DelegatingConstructorAccessorImpl.newInstance(DelegatingConstructorAccessorImpl.java:45) ~[na:1.8.0_301]
	at java.lang.reflect.Constructor.newInstance(Constructor.java:423) ~[na:1.8.0_301]
	at org.springframework.beans.BeanUtils.instantiateClass(BeanUtils.java:147) ~[spring-beans-4.2.5.RELEASE.jar:4.2.5.RELEASE]
	... 19 common frames omitted

2021-11-16 10:01:27.199  INFO 12216 --- [main] .b.l.ClasspathLoggingApplicationListener : Application failed to start with classpath: [file:/F:/jdk1.8.0_301/jre/lib/charsets.jar, file:/F:/jdk1.8.0_301/jre/lib/deploy.jar, file:/F:/jdk1.8.0_301/jre/lib/ext/access-bridge-64.jar, file:/F:/jdk1.8.0_301/jre/lib/ext/cldrdata.jar, file:/F:/jdk1.8.0_301/jre/lib/ext/dnsns.jar, file:/F:/jdk1.8.0_301/jre/lib/ext/jaccess.jar, file:/F:/jdk1.8.0_301/jre/lib/ext/jfxrt.jar, file:/F:/jdk1.8.0_301/jre/lib/ext/localedata.jar, file:/F:/jdk1.8.0_301/jre/lib/ext/nashorn.jar, file:/F:/jdk1.8.0_301/jre/lib/ext/sunec.jar, file:/F:/jdk1.8.0_301/jre/lib/ext/sunjce_provider.jar, file:/F:/jdk1.8.0_301/jre/lib/ext/sunmscapi.jar, file:/F:/jdk1.8.0_301/jre/lib/ext/sunpkcs11.jar, file:/F:/jdk1.8.0_301/jre/lib/ext/zipfs.jar, file:/F:/jdk1.8.0_301/jre/lib/javaws.jar, file:/F:/jdk1.8.0_301/jre/lib/jce.jar, file:/F:/jdk1.8.0_301/jre/lib/jfr.jar, file:/F:/jdk1.8.0_301/jre/lib/jfxswt.jar, file:/F:/jdk1.8.0_301/jre/lib/jsse.jar, file:/F:/jdk1.8.0_301/jre/lib/management-agent.jar, file:/F:/jdk1.8.0_301/jre/lib/plugin.jar, file:/F:/jdk1.8.0_301/jre/lib/resources.jar, file:/F:/jdk1.8.0_301/jre/lib/rt.jar, file:/F:/GitProjects/calculatorws/calculatorws-rest/target/classes/, file:/F:/MavenRepository/org/springframework/boot/spring-boot-starter-web/1.3.3.RELEASE/spring-boot-starter-web-1.3.3.RELEASE.jar, file:/F:/MavenRepository/org/springframework/boot/spring-boot-starter/1.3.3.RELEASE/spring-boot-starter-1.3.3.RELEASE.jar, file:/F:/MavenRepository/org/springframework/boot/spring-boot/1.3.3.RELEASE/spring-boot-1.3.3.RELEASE.jar, file:/F:/MavenRepository/org/springframework/boot/spring-boot-autoconfigure/1.3.3.RELEASE/spring-boot-autoconfigure-1.3.3.RELEASE.jar, file:/F:/MavenRepository/org/yaml/snakeyaml/1.16/snakeyaml-1.16.jar, file:/F:/MavenRepository/org/springframework/boot/spring-boot-starter-tomcat/1.3.3.RELEASE/spring-boot-starter-tomcat-1.3.3.RELEASE.jar, file:/F:/MavenRepository/org/apache/tomcat/embed/tomcat-embed-core/8.0.32/tomcat-embed-core-8.0.32.jar, file:/F:/MavenRepository/org/apache/tomcat/embed/tomcat-embed-el/8.0.32/tomcat-embed-el-8.0.32.jar, file:/F:/MavenRepository/org/apache/tomcat/embed/tomcat-embed-logging-juli/8.0.32/tomcat-embed-logging-juli-8.0.32.jar, file:/F:/MavenRepository/org/apache/tomcat/embed/tomcat-embed-websocket/8.0.32/tomcat-embed-websocket-8.0.32.jar, file:/F:/MavenRepository/org/springframework/boot/spring-boot-starter-validation/1.3.3.RELEASE/spring-boot-starter-validation-1.3.3.RELEASE.jar, file:/F:/MavenRepository/org/hibernate/hibernate-validator/5.2.4.Final/hibernate-validator-5.2.4.Final.jar, file:/F:/MavenRepository/javax/validation/validation-api/1.1.0.Final/validation-api-1.1.0.Final.jar, file:/F:/MavenRepository/org/jboss/logging/jboss-logging/3.3.0.Final/jboss-logging-3.3.0.Final.jar, file:/F:/MavenRepository/com/fasterxml/classmate/1.1.0/classmate-1.1.0.jar, file:/F:/MavenRepository/com/fasterxml/jackson/core/jackson-databind/2.6.5/jackson-databind-2.6.5.jar, file:/F:/MavenRepository/com/fasterxml/jackson/core/jackson-annotations/2.6.5/jackson-annotations-2.6.5.jar, file:/F:/MavenRepository/com/fasterxml/jackson/core/jackson-core/2.6.5/jackson-core-2.6.5.jar, file:/F:/MavenRepository/org/springframework/spring-web/4.2.5.RELEASE/spring-web-4.2.5.RELEASE.jar, file:/F:/MavenRepository/org/springframework/spring-aop/4.2.5.RELEASE/spring-aop-4.2.5.RELEASE.jar, file:/F:/MavenRepository/aopalliance/aopalliance/1.0/aopalliance-1.0.jar, file:/F:/MavenRepository/org/springframework/spring-beans/4.2.5.RELEASE/spring-beans-4.2.5.RELEASE.jar, file:/F:/MavenRepository/org/springframework/spring-context/4.2.5.RELEASE/spring-context-4.2.5.RELEASE.jar, file:/F:/MavenRepository/org/springframework/spring-webmvc/4.2.5.RELEASE/spring-webmvc-4.2.5.RELEASE.jar, file:/F:/MavenRepository/org/springframework/spring-expression/4.2.5.RELEASE/spring-expression-4.2.5.RELEASE.jar, file:/F:/MavenRepository/org/springframework/spring-core/4.2.5.RELEASE/spring-core-4.2.5.RELEASE.jar, file:/F:/MavenRepository/org/springframework/boot/spring-boot-starter-logging/1.3.3.RELEASE/spring-boot-starter-logging-1.3.3.RELEASE.jar, file:/F:/MavenRepository/ch/qos/logback/logback-classic/1.1.5/logback-classic-1.1.5.jar, file:/F:/MavenRepository/org/slf4j/jcl-over-slf4j/1.7.16/jcl-over-slf4j-1.7.16.jar, file:/F:/MavenRepository/org/slf4j/jul-to-slf4j/1.7.16/jul-to-slf4j-1.7.16.jar, file:/F:/MavenRepository/org/slf4j/log4j-over-slf4j/1.7.16/log4j-over-slf4j-1.7.16.jar, file:/F:/MavenRepository/ch/qos/logback/logback-access/1.1.5/logback-access-1.1.5.jar, file:/F:/MavenRepository/ch/qos/logback/logback-core/1.1.5/logback-core-1.1.5.jar, file:/F:/MavenRepository/com/rabbitmq/amqp-client/3.6.0/amqp-client-3.6.0.jar, file:/F:/MavenRepository/org/slf4j/slf4j-api/1.7.16/slf4j-api-1.7.16.jar, file:/F:/IntelliJ%20IDEA%202021.2/lib/idea_rt.jar]
2021-11-16 10:05:38.190  INFO 14572 --- [main] c.c.c.rest.CalculatorWsApplication       : Starting CalculatorWsApplication on LAPTOP-B06TLUR3 with PID 14572 (F:\GitProjects\calculatorws\calculatorws-rest\target\classes started by lunfee in F:\GitProjects\calculatorws)
2021-11-16 10:05:38.192  INFO 14572 --- [main] c.c.c.rest.CalculatorWsApplication       : No active profile set, falling back to default profiles: default
2021-11-16 10:05:38.237  INFO 14572 --- [main] ationConfigEmbeddedWebApplicationContext : Refreshing org.springframework.boot.context.embedded.AnnotationConfigEmbeddedWebApplicationContext@49c43f4e: startup date [Tue Nov 16 10:05:38 CST 2021]; root of context hierarchy
2021-11-16 10:05:38.552  INFO 14572 --- [main] o.s.b.f.s.DefaultListableBeanFactory     : Overriding bean definition for bean 'beanNameViewResolver' with a different definition: replacing [Root bean: class [null]; scope=; abstract=false; lazyInit=false; autowireMode=3; dependencyCheck=0; autowireCandidate=true; primary=false; factoryBeanName=org.springframework.boot.autoconfigure.web.ErrorMvcAutoConfiguration$WhitelabelErrorViewConfiguration; factoryMethodName=beanNameViewResolver; initMethodName=null; destroyMethodName=(inferred); defined in class path resource [org/springframework/boot/autoconfigure/web/ErrorMvcAutoConfiguration$WhitelabelErrorViewConfiguration.class]] with [Root bean: class [null]; scope=; abstract=false; lazyInit=false; autowireMode=3; dependencyCheck=0; autowireCandidate=true; primary=false; factoryBeanName=org.springframework.boot.autoconfigure.web.WebMvcAutoConfiguration$WebMvcAutoConfigurationAdapter; factoryMethodName=beanNameViewResolver; initMethodName=null; destroyMethodName=(inferred); defined in class path resource [org/springframework/boot/autoconfigure/web/WebMvcAutoConfiguration$WebMvcAutoConfigurationAdapter.class]]
2021-11-16 10:05:38.890  INFO 14572 --- [main] s.b.c.e.t.TomcatEmbeddedServletContainer : Tomcat initialized with port(s): 8080 (http)
2021-11-16 10:05:38.897  INFO 14572 --- [main] o.apache.catalina.core.StandardService   : Starting service Tomcat
2021-11-16 10:05:38.898  INFO 14572 --- [main] org.apache.catalina.core.StandardEngine  : Starting Servlet Engine: Apache Tomcat/8.0.32
2021-11-16 10:05:38.945  INFO 14572 --- [localhost-startStop-1] o.a.c.c.C.[Tomcat].[localhost].[/]       : Initializing Spring embedded WebApplicationContext
2021-11-16 10:05:38.946  INFO 14572 --- [localhost-startStop-1] o.s.web.context.ContextLoader            : Root WebApplicationContext: initialization completed in 712 ms
2021-11-16 10:05:39.092  INFO 14572 --- [localhost-startStop-1] o.s.b.c.e.ServletRegistrationBean        : Mapping servlet: 'dispatcherServlet' to [/]
2021-11-16 10:05:39.095  INFO 14572 --- [localhost-startStop-1] o.s.b.c.embedded.FilterRegistrationBean  : Mapping filter: 'characterEncodingFilter' to: [/*]
2021-11-16 10:05:39.095  INFO 14572 --- [localhost-startStop-1] o.s.b.c.embedded.FilterRegistrationBean  : Mapping filter: 'hiddenHttpMethodFilter' to: [/*]
2021-11-16 10:05:39.095  INFO 14572 --- [localhost-startStop-1] o.s.b.c.embedded.FilterRegistrationBean  : Mapping filter: 'httpPutFormContentFilter' to: [/*]
2021-11-16 10:05:39.095  INFO 14572 --- [localhost-startStop-1] o.s.b.c.embedded.FilterRegistrationBean  : Mapping filter: 'requestContextFilter' to: [/*]
2021-11-16 10:05:39.096  INFO 14572 --- [localhost-startStop-1] o.s.b.c.embedded.FilterRegistrationBean  : Mapping filter: 'clientAwareLoggingFilter' to: [/*]
2021-11-16 10:06:00.157  WARN 14572 --- [main] ationConfigEmbeddedWebApplicationContext : Exception encountered during context initialization - cancelling refresh attempt: org.springframework.beans.factory.BeanCreationException: Error creating bean with name 'RPCClient' defined in file [F:\GitProjects\calculatorws\calculatorws-rest\target\classes\com\company\calculatorws\rest\client\RPCClient.class]: Instantiation of bean failed; nested exception is org.springframework.beans.BeanInstantiationException: Failed to instantiate [com.company.calculatorws.rest.client.RPCClient]: Constructor threw exception; nested exception is java.net.ConnectException: Connection timed out: connect
2021-11-16 10:06:00.159  INFO 14572 --- [main] o.apache.catalina.core.StandardService   : Stopping service Tomcat
2021-11-16 10:06:00.168 ERROR 14572 --- [main] o.s.boot.SpringApplication               : Application startup failed

org.springframework.beans.factory.BeanCreationException: Error creating bean with name 'RPCClient' defined in file [F:\GitProjects\calculatorws\calculatorws-rest\target\classes\com\company\calculatorws\rest\client\RPCClient.class]: Instantiation of bean failed; nested exception is org.springframework.beans.BeanInstantiationException: Failed to instantiate [com.company.calculatorws.rest.client.RPCClient]: Constructor threw exception; nested exception is java.net.ConnectException: Connection timed out: connect
	at org.springframework.beans.factory.support.AbstractAutowireCapableBeanFactory.instantiateBean(AbstractAutowireCapableBeanFactory.java:1105) ~[spring-beans-4.2.5.RELEASE.jar:4.2.5.RELEASE]
	at org.springframework.beans.factory.support.AbstractAutowireCapableBeanFactory.createBeanInstance(AbstractAutowireCapableBeanFactory.java:1050) ~[spring-beans-4.2.5.RELEASE.jar:4.2.5.RELEASE]
	at org.springframework.beans.factory.support.AbstractAutowireCapableBeanFactory.doCreateBean(AbstractAutowireCapableBeanFactory.java:510) ~[spring-beans-4.2.5.RELEASE.jar:4.2.5.RELEASE]
	at org.springframework.beans.factory.support.AbstractAutowireCapableBeanFactory.createBean(AbstractAutowireCapableBeanFactory.java:482) ~[spring-beans-4.2.5.RELEASE.jar:4.2.5.RELEASE]
	at org.springframework.beans.factory.support.AbstractBeanFactory$1.getObject(AbstractBeanFactory.java:306) ~[spring-beans-4.2.5.RELEASE.jar:4.2.5.RELEASE]
	at org.springframework.beans.factory.support.DefaultSingletonBeanRegistry.getSingleton(DefaultSingletonBeanRegistry.java:230) ~[spring-beans-4.2.5.RELEASE.jar:4.2.5.RELEASE]
	at org.springframework.beans.factory.support.AbstractBeanFactory.doGetBean(AbstractBeanFactory.java:302) ~[spring-beans-4.2.5.RELEASE.jar:4.2.5.RELEASE]
	at org.springframework.beans.factory.support.AbstractBeanFactory.getBean(AbstractBeanFactory.java:197) ~[spring-beans-4.2.5.RELEASE.jar:4.2.5.RELEASE]
	at org.springframework.beans.factory.support.DefaultListableBeanFactory.preInstantiateSingletons(DefaultListableBeanFactory.java:772) ~[spring-beans-4.2.5.RELEASE.jar:4.2.5.RELEASE]
	at org.springframework.context.support.AbstractApplicationContext.finishBeanFactoryInitialization(AbstractApplicationContext.java:839) ~[spring-context-4.2.5.RELEASE.jar:4.2.5.RELEASE]
	at org.springframework.context.support.AbstractApplicationContext.refresh(AbstractApplicationContext.java:538) ~[spring-context-4.2.5.RELEASE.jar:4.2.5.RELEASE]
	at org.springframework.boot.context.embedded.EmbeddedWebApplicationContext.refresh(EmbeddedWebApplicationContext.java:118) ~[spring-boot-1.3.3.RELEASE.jar:1.3.3.RELEASE]
	at org.springframework.boot.SpringApplication.refresh(SpringApplication.java:766) [spring-boot-1.3.3.RELEASE.jar:1.3.3.RELEASE]
	at org.springframework.boot.SpringApplication.createAndRefreshContext(SpringApplication.java:361) [spring-boot-1.3.3.RELEASE.jar:1.3.3.RELEASE]
	at org.springframework.boot.SpringApplication.run(SpringApplication.java:307) [spring-boot-1.3.3.RELEASE.jar:1.3.3.RELEASE]
	at org.springframework.boot.SpringApplication.run(SpringApplication.java:1191) [spring-boot-1.3.3.RELEASE.jar:1.3.3.RELEASE]
	at org.springframework.boot.SpringApplication.run(SpringApplication.java:1180) [spring-boot-1.3.3.RELEASE.jar:1.3.3.RELEASE]
	at com.company.calculatorws.rest.CalculatorWsApplication.main(CalculatorWsApplication.java:10) [classes/:na]
Caused by: org.springframework.beans.BeanInstantiationException: Failed to instantiate [com.company.calculatorws.rest.client.RPCClient]: Constructor threw exception; nested exception is java.net.ConnectException: Connection timed out: connect
	at org.springframework.beans.BeanUtils.instantiateClass(BeanUtils.java:163) ~[spring-beans-4.2.5.RELEASE.jar:4.2.5.RELEASE]
	at org.springframework.beans.factory.support.SimpleInstantiationStrategy.instantiate(SimpleInstantiationStrategy.java:89) ~[spring-beans-4.2.5.RELEASE.jar:4.2.5.RELEASE]
	at org.springframework.beans.factory.support.AbstractAutowireCapableBeanFactory.instantiateBean(AbstractAutowireCapableBeanFactory.java:1098) ~[spring-beans-4.2.5.RELEASE.jar:4.2.5.RELEASE]
	... 17 common frames omitted
Caused by: java.net.ConnectException: Connection timed out: connect
	at java.net.DualStackPlainSocketImpl.waitForConnect(Native Method) ~[na:1.8.0_301]
	at java.net.DualStackPlainSocketImpl.socketConnect(DualStackPlainSocketImpl.java:81) ~[na:1.8.0_301]
	at java.net.AbstractPlainSocketImpl.doConnect(AbstractPlainSocketImpl.java:476) ~[na:1.8.0_301]
	at java.net.AbstractPlainSocketImpl.connectToAddress(AbstractPlainSocketImpl.java:218) ~[na:1.8.0_301]
	at java.net.AbstractPlainSocketImpl.connect(AbstractPlainSocketImpl.java:200) ~[na:1.8.0_301]
	at java.net.PlainSocketImpl.connect(PlainSocketImpl.java:162) ~[na:1.8.0_301]
	at java.net.SocksSocketImpl.connect(SocksSocketImpl.java:394) ~[na:1.8.0_301]
	at java.net.Socket.connect(Socket.java:606) ~[na:1.8.0_301]
	at com.rabbitmq.client.impl.FrameHandlerFactory.create(FrameHandlerFactory.java:32) ~[amqp-client-3.6.0.jar:na]
	at com.rabbitmq.client.ConnectionFactory.newConnection(ConnectionFactory.java:676) ~[amqp-client-3.6.0.jar:na]
	at com.rabbitmq.client.ConnectionFactory.newConnection(ConnectionFactory.java:722) ~[amqp-client-3.6.0.jar:na]
	at com.company.calculatorws.rest.client.RPCClient.<init>(RPCClient.java:29) ~[classes/:na]
	at sun.reflect.NativeConstructorAccessorImpl.newInstance0(Native Method) ~[na:1.8.0_301]
	at sun.reflect.NativeConstructorAccessorImpl.newInstance(NativeConstructorAccessorImpl.java:62) ~[na:1.8.0_301]
	at sun.reflect.DelegatingConstructorAccessorImpl.newInstance(DelegatingConstructorAccessorImpl.java:45) ~[na:1.8.0_301]
	at java.lang.reflect.Constructor.newInstance(Constructor.java:423) ~[na:1.8.0_301]
	at org.springframework.beans.BeanUtils.instantiateClass(BeanUtils.java:147) ~[spring-beans-4.2.5.RELEASE.jar:4.2.5.RELEASE]
	... 19 common frames omitted

2021-11-16 10:06:00.171  INFO 14572 --- [main] .b.l.ClasspathLoggingApplicationListener : Application failed to start with classpath: [file:/F:/jdk1.8.0_301/jre/lib/charsets.jar, file:/F:/jdk1.8.0_301/jre/lib/deploy.jar, file:/F:/jdk1.8.0_301/jre/lib/ext/access-bridge-64.jar, file:/F:/jdk1.8.0_301/jre/lib/ext/cldrdata.jar, file:/F:/jdk1.8.0_301/jre/lib/ext/dnsns.jar, file:/F:/jdk1.8.0_301/jre/lib/ext/jaccess.jar, file:/F:/jdk1.8.0_301/jre/lib/ext/jfxrt.jar, file:/F:/jdk1.8.0_301/jre/lib/ext/localedata.jar, file:/F:/jdk1.8.0_301/jre/lib/ext/nashorn.jar, file:/F:/jdk1.8.0_301/jre/lib/ext/sunec.jar, file:/F:/jdk1.8.0_301/jre/lib/ext/sunjce_provider.jar, file:/F:/jdk1.8.0_301/jre/lib/ext/sunmscapi.jar, file:/F:/jdk1.8.0_301/jre/lib/ext/sunpkcs11.jar, file:/F:/jdk1.8.0_301/jre/lib/ext/zipfs.jar, file:/F:/jdk1.8.0_301/jre/lib/javaws.jar, file:/F:/jdk1.8.0_301/jre/lib/jce.jar, file:/F:/jdk1.8.0_301/jre/lib/jfr.jar, file:/F:/jdk1.8.0_301/jre/lib/jfxswt.jar, file:/F:/jdk1.8.0_301/jre/lib/jsse.jar, file:/F:/jdk1.8.0_301/jre/lib/management-agent.jar, file:/F:/jdk1.8.0_301/jre/lib/plugin.jar, file:/F:/jdk1.8.0_301/jre/lib/resources.jar, file:/F:/jdk1.8.0_301/jre/lib/rt.jar, file:/F:/GitProjects/calculatorws/calculatorws-rest/target/classes/, file:/F:/MavenRepository/org/springframework/boot/spring-boot-starter-web/1.3.3.RELEASE/spring-boot-starter-web-1.3.3.RELEASE.jar, file:/F:/MavenRepository/org/springframework/boot/spring-boot-starter/1.3.3.RELEASE/spring-boot-starter-1.3.3.RELEASE.jar, file:/F:/MavenRepository/org/springframework/boot/spring-boot/1.3.3.RELEASE/spring-boot-1.3.3.RELEASE.jar, file:/F:/MavenRepository/org/springframework/boot/spring-boot-autoconfigure/1.3.3.RELEASE/spring-boot-autoconfigure-1.3.3.RELEASE.jar, file:/F:/MavenRepository/org/yaml/snakeyaml/1.16/snakeyaml-1.16.jar, file:/F:/MavenRepository/org/springframework/boot/spring-boot-starter-tomcat/1.3.3.RELEASE/spring-boot-starter-tomcat-1.3.3.RELEASE.jar, file:/F:/MavenRepository/org/apache/tomcat/embed/tomcat-embed-core/8.0.32/tomcat-embed-core-8.0.32.jar, file:/F:/MavenRepository/org/apache/tomcat/embed/tomcat-embed-el/8.0.32/tomcat-embed-el-8.0.32.jar, file:/F:/MavenRepository/org/apache/tomcat/embed/tomcat-embed-logging-juli/8.0.32/tomcat-embed-logging-juli-8.0.32.jar, file:/F:/MavenRepository/org/apache/tomcat/embed/tomcat-embed-websocket/8.0.32/tomcat-embed-websocket-8.0.32.jar, file:/F:/MavenRepository/org/springframework/boot/spring-boot-starter-validation/1.3.3.RELEASE/spring-boot-starter-validation-1.3.3.RELEASE.jar, file:/F:/MavenRepository/org/hibernate/hibernate-validator/5.2.4.Final/hibernate-validator-5.2.4.Final.jar, file:/F:/MavenRepository/javax/validation/validation-api/1.1.0.Final/validation-api-1.1.0.Final.jar, file:/F:/MavenRepository/org/jboss/logging/jboss-logging/3.3.0.Final/jboss-logging-3.3.0.Final.jar, file:/F:/MavenRepository/com/fasterxml/classmate/1.1.0/classmate-1.1.0.jar, file:/F:/MavenRepository/com/fasterxml/jackson/core/jackson-databind/2.6.5/jackson-databind-2.6.5.jar, file:/F:/MavenRepository/com/fasterxml/jackson/core/jackson-annotations/2.6.5/jackson-annotations-2.6.5.jar, file:/F:/MavenRepository/com/fasterxml/jackson/core/jackson-core/2.6.5/jackson-core-2.6.5.jar, file:/F:/MavenRepository/org/springframework/spring-web/4.2.5.RELEASE/spring-web-4.2.5.RELEASE.jar, file:/F:/MavenRepository/org/springframework/spring-aop/4.2.5.RELEASE/spring-aop-4.2.5.RELEASE.jar, file:/F:/MavenRepository/aopalliance/aopalliance/1.0/aopalliance-1.0.jar, file:/F:/MavenRepository/org/springframework/spring-beans/4.2.5.RELEASE/spring-beans-4.2.5.RELEASE.jar, file:/F:/MavenRepository/org/springframework/spring-context/4.2.5.RELEASE/spring-context-4.2.5.RELEASE.jar, file:/F:/MavenRepository/org/springframework/spring-webmvc/4.2.5.RELEASE/spring-webmvc-4.2.5.RELEASE.jar, file:/F:/MavenRepository/org/springframework/spring-expression/4.2.5.RELEASE/spring-expression-4.2.5.RELEASE.jar, file:/F:/MavenRepository/org/springframework/spring-core/4.2.5.RELEASE/spring-core-4.2.5.RELEASE.jar, file:/F:/MavenRepository/org/springframework/boot/spring-boot-starter-logging/1.3.3.RELEASE/spring-boot-starter-logging-1.3.3.RELEASE.jar, file:/F:/MavenRepository/ch/qos/logback/logback-classic/1.1.5/logback-classic-1.1.5.jar, file:/F:/MavenRepository/org/slf4j/jcl-over-slf4j/1.7.16/jcl-over-slf4j-1.7.16.jar, file:/F:/MavenRepository/org/slf4j/jul-to-slf4j/1.7.16/jul-to-slf4j-1.7.16.jar, file:/F:/MavenRepository/org/slf4j/log4j-over-slf4j/1.7.16/log4j-over-slf4j-1.7.16.jar, file:/F:/MavenRepository/ch/qos/logback/logback-access/1.1.5/logback-access-1.1.5.jar, file:/F:/MavenRepository/ch/qos/logback/logback-core/1.1.5/logback-core-1.1.5.jar, file:/F:/MavenRepository/com/rabbitmq/amqp-client/3.6.0/amqp-client-3.6.0.jar, file:/F:/MavenRepository/org/slf4j/slf4j-api/1.7.16/slf4j-api-1.7.16.jar, file:/F:/IntelliJ%20IDEA%202021.2/lib/idea_rt.jar]
2021-11-16 10:13:57.455  INFO 14580 --- [main] c.c.c.rest.CalculatorWsApplication       : Starting CalculatorWsApplication on LAPTOP-B06TLUR3 with PID 14580 (F:\GitProjects\calculatorws\calculatorws-rest\target\classes started by lunfee in F:\GitProjects\calculatorws)
2021-11-16 10:13:57.457  INFO 14580 --- [main] c.c.c.rest.CalculatorWsApplication       : No active profile set, falling back to default profiles: default
2021-11-16 10:13:57.493  INFO 14580 --- [main] ationConfigEmbeddedWebApplicationContext : Refreshing org.springframework.boot.context.embedded.AnnotationConfigEmbeddedWebApplicationContext@49c43f4e: startup date [Tue Nov 16 10:13:57 CST 2021]; root of context hierarchy
2021-11-16 10:13:57.789  INFO 14580 --- [main] o.s.b.f.s.DefaultListableBeanFactory     : Overriding bean definition for bean 'beanNameViewResolver' with a different definition: replacing [Root bean: class [null]; scope=; abstract=false; lazyInit=false; autowireMode=3; dependencyCheck=0; autowireCandidate=true; primary=false; factoryBeanName=org.springframework.boot.autoconfigure.web.ErrorMvcAutoConfiguration$WhitelabelErrorViewConfiguration; factoryMethodName=beanNameViewResolver; initMethodName=null; destroyMethodName=(inferred); defined in class path resource [org/springframework/boot/autoconfigure/web/ErrorMvcAutoConfiguration$WhitelabelErrorViewConfiguration.class]] with [Root bean: class [null]; scope=; abstract=false; lazyInit=false; autowireMode=3; dependencyCheck=0; autowireCandidate=true; primary=false; factoryBeanName=org.springframework.boot.autoconfigure.web.WebMvcAutoConfiguration$WebMvcAutoConfigurationAdapter; factoryMethodName=beanNameViewResolver; initMethodName=null; destroyMethodName=(inferred); defined in class path resource [org/springframework/boot/autoconfigure/web/WebMvcAutoConfiguration$WebMvcAutoConfigurationAdapter.class]]
2021-11-16 10:13:58.127  INFO 14580 --- [main] s.b.c.e.t.TomcatEmbeddedServletContainer : Tomcat initialized with port(s): 8080 (http)
2021-11-16 10:13:58.133  INFO 14580 --- [main] o.apache.catalina.core.StandardService   : Starting service Tomcat
2021-11-16 10:13:58.134  INFO 14580 --- [main] org.apache.catalina.core.StandardEngine  : Starting Servlet Engine: Apache Tomcat/8.0.32
2021-11-16 10:13:58.188  INFO 14580 --- [localhost-startStop-1] o.a.c.c.C.[Tomcat].[localhost].[/]       : Initializing Spring embedded WebApplicationContext
2021-11-16 10:13:58.188  INFO 14580 --- [localhost-startStop-1] o.s.web.context.ContextLoader            : Root WebApplicationContext: initialization completed in 697 ms
2021-11-16 10:13:58.334  INFO 14580 --- [localhost-startStop-1] o.s.b.c.e.ServletRegistrationBean        : Mapping servlet: 'dispatcherServlet' to [/]
2021-11-16 10:13:58.337  INFO 14580 --- [localhost-startStop-1] o.s.b.c.embedded.FilterRegistrationBean  : Mapping filter: 'characterEncodingFilter' to: [/*]
2021-11-16 10:13:58.337  INFO 14580 --- [localhost-startStop-1] o.s.b.c.embedded.FilterRegistrationBean  : Mapping filter: 'hiddenHttpMethodFilter' to: [/*]
2021-11-16 10:13:58.337  INFO 14580 --- [localhost-startStop-1] o.s.b.c.embedded.FilterRegistrationBean  : Mapping filter: 'httpPutFormContentFilter' to: [/*]
2021-11-16 10:13:58.337  INFO 14580 --- [localhost-startStop-1] o.s.b.c.embedded.FilterRegistrationBean  : Mapping filter: 'requestContextFilter' to: [/*]
2021-11-16 10:13:58.337  INFO 14580 --- [localhost-startStop-1] o.s.b.c.embedded.FilterRegistrationBean  : Mapping filter: 'clientAwareLoggingFilter' to: [/*]
2021-11-16 10:13:58.699  INFO 14580 --- [main] s.w.s.m.m.a.RequestMappingHandlerAdapter : Looking for @ControllerAdvice: org.springframework.boot.context.embedded.AnnotationConfigEmbeddedWebApplicationContext@49c43f4e: startup date [Tue Nov 16 10:13:57 CST 2021]; root of context hierarchy
2021-11-16 10:13:58.732  INFO 14580 --- [main] s.w.s.m.m.a.RequestMappingHandlerMapping : Mapped "{[/sum]}" onto public org.springframework.http.ResponseEntity<com.company.calculatorws.rest.response.CalcResponse> com.company.calculatorws.rest.controller.CalcController.sum(java.math.BigDecimal,java.math.BigDecimal)
2021-11-16 10:13:58.732  INFO 14580 --- [main] s.w.s.m.m.a.RequestMappingHandlerMapping : Mapped "{[/sub]}" onto public org.springframework.http.ResponseEntity<com.company.calculatorws.rest.response.CalcResponse> com.company.calculatorws.rest.controller.CalcController.sub(java.math.BigDecimal,java.math.BigDecimal)
2021-11-16 10:13:58.733  INFO 14580 --- [main] s.w.s.m.m.a.RequestMappingHandlerMapping : Mapped "{[/mul]}" onto public org.springframework.http.ResponseEntity<com.company.calculatorws.rest.response.CalcResponse> com.company.calculatorws.rest.controller.CalcController.div(java.math.BigDecimal,java.math.BigDecimal)
2021-11-16 10:13:58.733  INFO 14580 --- [main] s.w.s.m.m.a.RequestMappingHandlerMapping : Mapped "{[/div]}" onto public org.springframework.http.ResponseEntity<com.company.calculatorws.rest.response.CalcResponse> com.company.calculatorws.rest.controller.CalcController.mul(java.math.BigDecimal,java.math.BigDecimal)
2021-11-16 10:13:58.734  INFO 14580 --- [main] s.w.s.m.m.a.RequestMappingHandlerMapping : Mapped "{[/error]}" onto public org.springframework.http.ResponseEntity<java.util.Map<java.lang.String, java.lang.Object>> org.springframework.boot.autoconfigure.web.BasicErrorController.error(javax.servlet.http.HttpServletRequest)
2021-11-16 10:13:58.735  INFO 14580 --- [main] s.w.s.m.m.a.RequestMappingHandlerMapping : Mapped "{[/error],produces=[text/html]}" onto public org.springframework.web.servlet.ModelAndView org.springframework.boot.autoconfigure.web.BasicErrorController.errorHtml(javax.servlet.http.HttpServletRequest,javax.servlet.http.HttpServletResponse)
2021-11-16 10:13:58.747  INFO 14580 --- [main] o.s.w.s.handler.SimpleUrlHandlerMapping  : Mapped URL path [/webjars/**] onto handler of type [class org.springframework.web.servlet.resource.ResourceHttpRequestHandler]
2021-11-16 10:13:58.747  INFO 14580 --- [main] o.s.w.s.handler.SimpleUrlHandlerMapping  : Mapped URL path [/**] onto handler of type [class org.springframework.web.servlet.resource.ResourceHttpRequestHandler]
2021-11-16 10:13:58.757  INFO 14580 --- [main] .m.m.a.ExceptionHandlerExceptionResolver : Detected @ExceptionHandler methods in restExceptionHandler
2021-11-16 10:13:58.766  INFO 14580 --- [main] o.s.w.s.handler.SimpleUrlHandlerMapping  : Mapped URL path [/**/favicon.ico] onto handler of type [class org.springframework.web.servlet.resource.ResourceHttpRequestHandler]
2021-11-16 10:13:58.813  INFO 14580 --- [main] o.s.j.e.a.AnnotationMBeanExporter        : Registering beans for JMX exposure on startup
2021-11-16 10:13:58.848  INFO 14580 --- [main] s.b.c.e.t.TomcatEmbeddedServletContainer : Tomcat started on port(s): 8080 (http)
2021-11-16 10:13:58.851  INFO 14580 --- [main] c.c.c.rest.CalculatorWsApplication       : Started CalculatorWsApplication in 1.543 seconds (JVM running for 2.124)
2021-11-16 10:14:19.029  INFO 14580 --- [http-nio-8080-exec-1] o.a.c.c.C.[Tomcat].[localhost].[/]       : Initializing Spring FrameworkServlet 'dispatcherServlet'
2021-11-16 10:14:19.029  INFO 14580 --- [http-nio-8080-exec-1] o.s.web.servlet.DispatcherServlet        : FrameworkServlet 'dispatcherServlet': initialization started
2021-11-16 10:14:19.038  INFO 14580 --- [http-nio-8080-exec-1] o.s.web.servlet.DispatcherServlet        : FrameworkServlet 'dispatcherServlet': initialization completed in 9 ms
2021-11-16 10:14:19.061  INFO 14580 --- [http-nio-8080-exec-1] c.c.calculatorws.rest.client.RPCClient   : c66e8e4b-c95a-4524-86d6-a478804b50ae --> Requesting : Sum,2,4
2021-11-16 10:14:19.129  INFO 14580 --- [http-nio-8080-exec-1] c.c.calculatorws.rest.client.RPCClient   : c66e8e4b-c95a-4524-86d6-a478804b50ae <-- Got : 6
2021-11-16 10:14:23.957  INFO 14580 --- [http-nio-8080-exec-3] c.c.calculatorws.rest.client.RPCClient   : 59facd62-bc79-4636-88f3-bade4eb75ba2 --> Requesting : Sum,2,6
2021-11-16 10:14:24.018  INFO 14580 --- [http-nio-8080-exec-3] c.c.calculatorws.rest.client.RPCClient   : 59facd62-bc79-4636-88f3-bade4eb75ba2 <-- Got : 8
2021-11-16 10:17:10.176  INFO 14580 --- [Thread-4] ationConfigEmbeddedWebApplicationContext : Closing org.springframework.boot.context.embedded.AnnotationConfigEmbeddedWebApplicationContext@49c43f4e: startup date [Tue Nov 16 10:13:57 CST 2021]; root of context hierarchy
2021-11-16 10:17:10.177  INFO 14580 --- [Thread-4] o.s.j.e.a.AnnotationMBeanExporter        : Unregistering JMX-exposed beans on shutdown
2021-11-16 10:27:04.728  INFO 12156 --- [main] c.c.c.rest.CalculatorWsApplication       : Starting CalculatorWsApplication on LAPTOP-B06TLUR3 with PID 12156 (F:\GitProjects\calculatorws\calculatorws-rest\target\classes started by lunfee in F:\GitProjects\calculatorws)
2021-11-16 10:27:04.733  INFO 12156 --- [main] c.c.c.rest.CalculatorWsApplication       : No active profile set, falling back to default profiles: default
2021-11-16 10:27:04.771  INFO 12156 --- [main] ationConfigEmbeddedWebApplicationContext : Refreshing org.springframework.boot.context.embedded.AnnotationConfigEmbeddedWebApplicationContext@49c43f4e: startup date [Tue Nov 16 10:27:04 CST 2021]; root of context hierarchy
2021-11-16 10:27:05.091  INFO 12156 --- [main] o.s.b.f.s.DefaultListableBeanFactory     : Overriding bean definition for bean 'beanNameViewResolver' with a different definition: replacing [Root bean: class [null]; scope=; abstract=false; lazyInit=false; autowireMode=3; dependencyCheck=0; autowireCandidate=true; primary=false; factoryBeanName=org.springframework.boot.autoconfigure.web.ErrorMvcAutoConfiguration$WhitelabelErrorViewConfiguration; factoryMethodName=beanNameViewResolver; initMethodName=null; destroyMethodName=(inferred); defined in class path resource [org/springframework/boot/autoconfigure/web/ErrorMvcAutoConfiguration$WhitelabelErrorViewConfiguration.class]] with [Root bean: class [null]; scope=; abstract=false; lazyInit=false; autowireMode=3; dependencyCheck=0; autowireCandidate=true; primary=false; factoryBeanName=org.springframework.boot.autoconfigure.web.WebMvcAutoConfiguration$WebMvcAutoConfigurationAdapter; factoryMethodName=beanNameViewResolver; initMethodName=null; destroyMethodName=(inferred); defined in class path resource [org/springframework/boot/autoconfigure/web/WebMvcAutoConfiguration$WebMvcAutoConfigurationAdapter.class]]
2021-11-16 10:27:05.422  INFO 12156 --- [main] s.b.c.e.t.TomcatEmbeddedServletContainer : Tomcat initialized with port(s): 8080 (http)
2021-11-16 10:27:05.430  INFO 12156 --- [main] o.apache.catalina.core.StandardService   : Starting service Tomcat
2021-11-16 10:27:05.431  INFO 12156 --- [main] org.apache.catalina.core.StandardEngine  : Starting Servlet Engine: Apache Tomcat/8.0.32
2021-11-16 10:27:05.481  INFO 12156 --- [localhost-startStop-1] o.a.c.c.C.[Tomcat].[localhost].[/]       : Initializing Spring embedded WebApplicationContext
2021-11-16 10:27:05.482  INFO 12156 --- [localhost-startStop-1] o.s.web.context.ContextLoader            : Root WebApplicationContext: initialization completed in 713 ms
2021-11-16 10:27:05.649  INFO 12156 --- [localhost-startStop-1] o.s.b.c.e.ServletRegistrationBean        : Mapping servlet: 'dispatcherServlet' to [/]
2021-11-16 10:27:05.652  INFO 12156 --- [localhost-startStop-1] o.s.b.c.embedded.FilterRegistrationBean  : Mapping filter: 'characterEncodingFilter' to: [/*]
2021-11-16 10:27:05.652  INFO 12156 --- [localhost-startStop-1] o.s.b.c.embedded.FilterRegistrationBean  : Mapping filter: 'hiddenHttpMethodFilter' to: [/*]
2021-11-16 10:27:05.653  INFO 12156 --- [localhost-startStop-1] o.s.b.c.embedded.FilterRegistrationBean  : Mapping filter: 'httpPutFormContentFilter' to: [/*]
2021-11-16 10:27:05.653  INFO 12156 --- [localhost-startStop-1] o.s.b.c.embedded.FilterRegistrationBean  : Mapping filter: 'requestContextFilter' to: [/*]
2021-11-16 10:27:05.653  INFO 12156 --- [localhost-startStop-1] o.s.b.c.embedded.FilterRegistrationBean  : Mapping filter: 'clientAwareLoggingFilter' to: [/*]
2021-11-16 10:27:05.994  INFO 12156 --- [main] s.w.s.m.m.a.RequestMappingHandlerAdapter : Looking for @ControllerAdvice: org.springframework.boot.context.embedded.AnnotationConfigEmbeddedWebApplicationContext@49c43f4e: startup date [Tue Nov 16 10:27:04 CST 2021]; root of context hierarchy
2021-11-16 10:27:06.028  INFO 12156 --- [main] s.w.s.m.m.a.RequestMappingHandlerMapping : Mapped "{[/sum]}" onto public org.springframework.http.ResponseEntity<com.company.calculatorws.rest.response.CalcResponse> com.company.calculatorws.rest.controller.CalcController.sum(java.math.BigDecimal,java.math.BigDecimal)
2021-11-16 10:27:06.029  INFO 12156 --- [main] s.w.s.m.m.a.RequestMappingHandlerMapping : Mapped "{[/sub]}" onto public org.springframework.http.ResponseEntity<com.company.calculatorws.rest.response.CalcResponse> com.company.calculatorws.rest.controller.CalcController.sub(java.math.BigDecimal,java.math.BigDecimal)
2021-11-16 10:27:06.029  INFO 12156 --- [main] s.w.s.m.m.a.RequestMappingHandlerMapping : Mapped "{[/mul]}" onto public org.springframework.http.ResponseEntity<com.company.calculatorws.rest.response.CalcResponse> com.company.calculatorws.rest.controller.CalcController.div(java.math.BigDecimal,java.math.BigDecimal)
2021-11-16 10:27:06.029  INFO 12156 --- [main] s.w.s.m.m.a.RequestMappingHandlerMapping : Mapped "{[/div]}" onto public org.springframework.http.ResponseEntity<com.company.calculatorws.rest.response.CalcResponse> com.company.calculatorws.rest.controller.CalcController.mul(java.math.BigDecimal,java.math.BigDecimal)
2021-11-16 10:27:06.031  INFO 12156 --- [main] s.w.s.m.m.a.RequestMappingHandlerMapping : Mapped "{[/error]}" onto public org.springframework.http.ResponseEntity<java.util.Map<java.lang.String, java.lang.Object>> org.springframework.boot.autoconfigure.web.BasicErrorController.error(javax.servlet.http.HttpServletRequest)
2021-11-16 10:27:06.031  INFO 12156 --- [main] s.w.s.m.m.a.RequestMappingHandlerMapping : Mapped "{[/error],produces=[text/html]}" onto public org.springframework.web.servlet.ModelAndView org.springframework.boot.autoconfigure.web.BasicErrorController.errorHtml(javax.servlet.http.HttpServletRequest,javax.servlet.http.HttpServletResponse)
2021-11-16 10:27:06.046  INFO 12156 --- [main] o.s.w.s.handler.SimpleUrlHandlerMapping  : Mapped URL path [/webjars/**] onto handler of type [class org.springframework.web.servlet.resource.ResourceHttpRequestHandler]
2021-11-16 10:27:06.047  INFO 12156 --- [main] o.s.w.s.handler.SimpleUrlHandlerMapping  : Mapped URL path [/**] onto handler of type [class org.springframework.web.servlet.resource.ResourceHttpRequestHandler]
2021-11-16 10:27:06.057  INFO 12156 --- [main] .m.m.a.ExceptionHandlerExceptionResolver : Detected @ExceptionHandler methods in restExceptionHandler
2021-11-16 10:27:06.067  INFO 12156 --- [main] o.s.w.s.handler.SimpleUrlHandlerMapping  : Mapped URL path [/**/favicon.ico] onto handler of type [class org.springframework.web.servlet.resource.ResourceHttpRequestHandler]
2021-11-16 10:27:06.123  INFO 12156 --- [main] o.s.j.e.a.AnnotationMBeanExporter        : Registering beans for JMX exposure on startup
2021-11-16 10:27:06.160  INFO 12156 --- [main] s.b.c.e.t.TomcatEmbeddedServletContainer : Tomcat started on port(s): 8080 (http)
2021-11-16 10:27:06.164  INFO 12156 --- [main] c.c.c.rest.CalculatorWsApplication       : Started CalculatorWsApplication in 1.617 seconds (JVM running for 2.163)
2021-11-16 10:27:25.930  INFO 12156 --- [http-nio-8080-exec-1] o.a.c.c.C.[Tomcat].[localhost].[/]       : Initializing Spring FrameworkServlet 'dispatcherServlet'
2021-11-16 10:27:25.930  INFO 12156 --- [http-nio-8080-exec-1] o.s.web.servlet.DispatcherServlet        : FrameworkServlet 'dispatcherServlet': initialization started
2021-11-16 10:27:25.939  INFO 12156 --- [http-nio-8080-exec-1] o.s.web.servlet.DispatcherServlet        : FrameworkServlet 'dispatcherServlet': initialization completed in 9 ms
2021-11-16 10:27:25.958  INFO 12156 --- [http-nio-8080-exec-1] c.c.calculatorws.rest.client.RPCClient   : 9311d895-bc11-4127-af50-f135ea90ec43 --> Requesting : Sum,2,8
2021-11-16 10:27:25.997  INFO 12156 --- [http-nio-8080-exec-1] c.c.calculatorws.rest.client.RPCClient   : 9311d895-bc11-4127-af50-f135ea90ec43 <-- Got : 10
2021-11-16 10:38:29.439  INFO 12156 --- [Thread-4] ationConfigEmbeddedWebApplicationContext : Closing org.springframework.boot.context.embedded.AnnotationConfigEmbeddedWebApplicationContext@49c43f4e: startup date [Tue Nov 16 10:27:04 CST 2021]; root of context hierarchy
2021-11-16 10:38:29.440  INFO 12156 --- [Thread-4] o.s.j.e.a.AnnotationMBeanExporter        : Unregistering JMX-exposed beans on shutdown
2021-11-16 10:38:41.138  INFO 10012 --- [main] c.c.c.rest.CalculatorWsApplication       : Starting CalculatorWsApplication on LAPTOP-B06TLUR3 with PID 10012 (F:\GitProjects\calculatorws\calculatorws-rest\target\classes started by lunfee in F:\GitProjects\calculatorws)
2021-11-16 10:38:41.141  INFO 10012 --- [main] c.c.c.rest.CalculatorWsApplication       : No active profile set, falling back to default profiles: default
2021-11-16 10:38:41.170  INFO 10012 --- [main] ationConfigEmbeddedWebApplicationContext : Refreshing org.springframework.boot.context.embedded.AnnotationConfigEmbeddedWebApplicationContext@231f98ef: startup date [Tue Nov 16 10:38:41 CST 2021]; root of context hierarchy
2021-11-16 10:38:41.497  INFO 10012 --- [main] o.s.b.f.s.DefaultListableBeanFactory     : Overriding bean definition for bean 'beanNameViewResolver' with a different definition: replacing [Root bean: class [null]; scope=; abstract=false; lazyInit=false; autowireMode=3; dependencyCheck=0; autowireCandidate=true; primary=false; factoryBeanName=org.springframework.boot.autoconfigure.web.ErrorMvcAutoConfiguration$WhitelabelErrorViewConfiguration; factoryMethodName=beanNameViewResolver; initMethodName=null; destroyMethodName=(inferred); defined in class path resource [org/springframework/boot/autoconfigure/web/ErrorMvcAutoConfiguration$WhitelabelErrorViewConfiguration.class]] with [Root bean: class [null]; scope=; abstract=false; lazyInit=false; autowireMode=3; dependencyCheck=0; autowireCandidate=true; primary=false; factoryBeanName=org.springframework.boot.autoconfigure.web.WebMvcAutoConfiguration$WebMvcAutoConfigurationAdapter; factoryMethodName=beanNameViewResolver; initMethodName=null; destroyMethodName=(inferred); defined in class path resource [org/springframework/boot/autoconfigure/web/WebMvcAutoConfiguration$WebMvcAutoConfigurationAdapter.class]]
2021-11-16 10:38:41.857  INFO 10012 --- [main] s.b.c.e.t.TomcatEmbeddedServletContainer : Tomcat initialized with port(s): 8080 (http)
2021-11-16 10:38:41.864  INFO 10012 --- [main] o.apache.catalina.core.StandardService   : Starting service Tomcat
2021-11-16 10:38:41.864  INFO 10012 --- [main] org.apache.catalina.core.StandardEngine  : Starting Servlet Engine: Apache Tomcat/8.0.32
2021-11-16 10:38:41.924  INFO 10012 --- [localhost-startStop-1] o.a.c.c.C.[Tomcat].[localhost].[/]       : Initializing Spring embedded WebApplicationContext
2021-11-16 10:38:41.924  INFO 10012 --- [localhost-startStop-1] o.s.web.context.ContextLoader            : Root WebApplicationContext: initialization completed in 756 ms
2021-11-16 10:38:42.102  INFO 10012 --- [localhost-startStop-1] o.s.b.c.e.ServletRegistrationBean        : Mapping servlet: 'dispatcherServlet' to [/]
2021-11-16 10:38:42.105  INFO 10012 --- [localhost-startStop-1] o.s.b.c.embedded.FilterRegistrationBean  : Mapping filter: 'characterEncodingFilter' to: [/*]
2021-11-16 10:38:42.106  INFO 10012 --- [localhost-startStop-1] o.s.b.c.embedded.FilterRegistrationBean  : Mapping filter: 'hiddenHttpMethodFilter' to: [/*]
2021-11-16 10:38:42.106  INFO 10012 --- [localhost-startStop-1] o.s.b.c.embedded.FilterRegistrationBean  : Mapping filter: 'httpPutFormContentFilter' to: [/*]
2021-11-16 10:38:42.106  INFO 10012 --- [localhost-startStop-1] o.s.b.c.embedded.FilterRegistrationBean  : Mapping filter: 'requestContextFilter' to: [/*]
2021-11-16 10:38:42.106  INFO 10012 --- [localhost-startStop-1] o.s.b.c.embedded.FilterRegistrationBean  : Mapping filter: 'clientAwareLoggingFilter' to: [/*]
2021-11-16 10:40:16.142  INFO 10012 --- [main] s.w.s.m.m.a.RequestMappingHandlerAdapter : Looking for @ControllerAdvice: org.springframework.boot.context.embedded.AnnotationConfigEmbeddedWebApplicationContext@231f98ef: startup date [Tue Nov 16 10:38:41 CST 2021]; root of context hierarchy
2021-11-16 10:40:16.190  INFO 10012 --- [main] s.w.s.m.m.a.RequestMappingHandlerMapping : Mapped "{[/sum]}" onto public org.springframework.http.ResponseEntity<com.company.calculatorws.rest.response.CalcResponse> com.company.calculatorws.rest.controller.CalcController.sum(java.math.BigDecimal,java.math.BigDecimal)
2021-11-16 10:40:16.191  INFO 10012 --- [main] s.w.s.m.m.a.RequestMappingHandlerMapping : Mapped "{[/sub]}" onto public org.springframework.http.ResponseEntity<com.company.calculatorws.rest.response.CalcResponse> com.company.calculatorws.rest.controller.CalcController.sub(java.math.BigDecimal,java.math.BigDecimal)
2021-11-16 10:40:16.191  INFO 10012 --- [main] s.w.s.m.m.a.RequestMappingHandlerMapping : Mapped "{[/mul]}" onto public org.springframework.http.ResponseEntity<com.company.calculatorws.rest.response.CalcResponse> com.company.calculatorws.rest.controller.CalcController.div(java.math.BigDecimal,java.math.BigDecimal)
2021-11-16 10:40:16.192  INFO 10012 --- [main] s.w.s.m.m.a.RequestMappingHandlerMapping : Mapped "{[/div]}" onto public org.springframework.http.ResponseEntity<com.company.calculatorws.rest.response.CalcResponse> com.company.calculatorws.rest.controller.CalcController.mul(java.math.BigDecimal,java.math.BigDecimal)
2021-11-16 10:40:16.193  INFO 10012 --- [main] s.w.s.m.m.a.RequestMappingHandlerMapping : Mapped "{[/error]}" onto public org.springframework.http.ResponseEntity<java.util.Map<java.lang.String, java.lang.Object>> org.springframework.boot.autoconfigure.web.BasicErrorController.error(javax.servlet.http.HttpServletRequest)
2021-11-16 10:40:16.194  INFO 10012 --- [main] s.w.s.m.m.a.RequestMappingHandlerMapping : Mapped "{[/error],produces=[text/html]}" onto public org.springframework.web.servlet.ModelAndView org.springframework.boot.autoconfigure.web.BasicErrorController.errorHtml(javax.servlet.http.HttpServletRequest,javax.servlet.http.HttpServletResponse)
2021-11-16 10:40:16.212  INFO 10012 --- [main] o.s.w.s.handler.SimpleUrlHandlerMapping  : Mapped URL path [/webjars/**] onto handler of type [class org.springframework.web.servlet.resource.ResourceHttpRequestHandler]
2021-11-16 10:40:16.212  INFO 10012 --- [main] o.s.w.s.handler.SimpleUrlHandlerMapping  : Mapped URL path [/**] onto handler of type [class org.springframework.web.servlet.resource.ResourceHttpRequestHandler]
2021-11-16 10:40:16.225  INFO 10012 --- [main] .m.m.a.ExceptionHandlerExceptionResolver : Detected @ExceptionHandler methods in restExceptionHandler
2021-11-16 10:40:16.236  INFO 10012 --- [main] o.s.w.s.handler.SimpleUrlHandlerMapping  : Mapped URL path [/**/favicon.ico] onto handler of type [class org.springframework.web.servlet.resource.ResourceHttpRequestHandler]
2021-11-16 10:40:16.332  INFO 10012 --- [main] o.s.j.e.a.AnnotationMBeanExporter        : Registering beans for JMX exposure on startup
2021-11-16 10:40:16.372  INFO 10012 --- [main] s.b.c.e.t.TomcatEmbeddedServletContainer : Tomcat started on port(s): 8080 (http)
2021-11-16 10:40:16.376  INFO 10012 --- [main] c.c.c.rest.CalculatorWsApplication       : Started CalculatorWsApplication in 95.427 seconds (JVM running for 96.684)
2021-11-16 10:40:33.824  INFO 10012 --- [http-nio-8080-exec-1] o.a.c.c.C.[Tomcat].[localhost].[/]       : Initializing Spring FrameworkServlet 'dispatcherServlet'
2021-11-16 10:40:33.824  INFO 10012 --- [http-nio-8080-exec-1] o.s.web.servlet.DispatcherServlet        : FrameworkServlet 'dispatcherServlet': initialization started
2021-11-16 10:40:33.836  INFO 10012 --- [http-nio-8080-exec-1] o.s.web.servlet.DispatcherServlet        : FrameworkServlet 'dispatcherServlet': initialization completed in 12 ms
2021-11-16 10:40:33.861  INFO 10012 --- [http-nio-8080-exec-1] c.c.calculatorws.rest.client.RPCClient   : 87315aae-75c3-4ab3-8383-fcb260131588 --> Requesting : Sum,1,2
2021-11-16 10:40:33.896  INFO 10012 --- [http-nio-8080-exec-1] c.c.calculatorws.rest.client.RPCClient   : 87315aae-75c3-4ab3-8383-fcb260131588 <-- Got : 3
2021-11-16 10:47:33.706  INFO 10012 --- [Thread-8] ationConfigEmbeddedWebApplicationContext : Closing org.springframework.boot.context.embedded.AnnotationConfigEmbeddedWebApplicationContext@231f98ef: startup date [Tue Nov 16 10:38:41 CST 2021]; root of context hierarchy
2021-11-16 10:47:33.707  INFO 10012 --- [Thread-8] o.s.j.e.a.AnnotationMBeanExporter        : Unregistering JMX-exposed beans on shutdown
